\BOOKMARK [1][-]{section.0.1}{\376\377\0001\000\040\176\374\217\360}{}% 1
\BOOKMARK [1][-]{section.0.2}{\376\377\0002\000\040\126\376\120\317\122\006\127\127\116\016\165\065\136\163\136\163\171\373\137\122\116\000\123\026}{}% 2
\BOOKMARK [2][-]{subsection.0.2.1}{\376\377\0002\000.\0001\000\040\126\376\120\317\122\006\127\127}{section.0.2}% 3
\BOOKMARK [2][-]{subsection.0.2.2}{\376\377\0002\000.\0002\000\040\165\065\136\163\136\163\171\373\137\122\116\000\123\026}{section.0.2}% 4
\BOOKMARK [2][-]{subsection.0.2.3}{\376\377\0002\000.\0003\000\040\123\315\123\330\143\142}{section.0.2}% 5
\BOOKMARK [1][-]{section.0.3}{\376\377\0003\000\040\230\234\202\162\172\172\225\364\123\330\143\142}{}% 6
\BOOKMARK [2][-]{subsection.0.3.1}{\376\377\0003\000.\0001\000\040\000I\000C\000T}{section.0.3}% 7
\BOOKMARK [2][-]{subsection.0.3.2}{\376\377\0003\000.\0002\000\040\000R\000C\000T}{section.0.3}% 8
\BOOKMARK [1][-]{section.0.4}{\376\377\0004\000\040\134\017\154\342\123\330\143\142}{}% 9
\BOOKMARK [2][-]{subsection.0.4.1}{\376\377\0004\000.\0001\000\040\134\017\154\342\123\330\143\142\123\237\164\006\173\200\217\360}{section.0.4}% 10
\BOOKMARK [2][-]{subsection.0.4.2}{\376\377\0004\000.\0002\000\040\134\017\154\342\123\330\143\142\166\204\156\344\154\342\126\150\133\236\163\260\116\016\143\320\123\107\173\227\154\325}{section.0.4}% 11
\BOOKMARK [2][-]{subsection.0.4.3}{\376\377\0004\000.\0003\000\040\116\214\176\364\131\032\176\247\134\017\154\342\123\330\143\142}{section.0.4}% 12
\BOOKMARK [1][-]{section.0.5}{\376\377\0005\000\040\221\317\123\026}{}% 13
\BOOKMARK [2][-]{subsection.0.5.1}{\376\377\0005\000.\0001\000\040\150\007\221\317\221\317\123\026}{section.0.5}% 14
\BOOKMARK [2][-]{subsection.0.5.2}{\376\377\0005\000.\0002\000\040\150\007\221\317\221\317\123\026\126\150\166\204\117\030\123\026\377\032\000L\000l\000o\000y\000d\000-\000M\000a\000x\150\007\221\317\221\317\123\026}{section.0.5}% 15
\BOOKMARK [2][-]{subsection.0.5.3}{\376\377\0005\000.\0003\000\040\140\122\127\337\221\317\123\026}{section.0.5}% 16
\BOOKMARK [2][-]{subsection.0.5.4}{\376\377\0005\000.\0004\000\040\165\114\133\232}{section.0.5}% 17
\BOOKMARK [2][-]{subsection.0.5.5}{\376\377\0005\000.\0005\000\040\123\315\221\317\123\026}{section.0.5}% 18
\BOOKMARK [2][-]{subsection.0.5.6}{\376\377\0005\000.\0006\000\040\145\340\143\137\123\213\177\051\116\055\166\204\165\114\133\232\124\214\221\315\136\372}{section.0.5}% 19
\BOOKMARK [1][-]{section.0.6}{\376\377\0006\000\040\121\205\135\114\123\072\153\265\177\026\170\001}{}% 20
\BOOKMARK [2][-]{subsection.0.6.1}{\376\377\0006\000.\0001\000\040\127\372\147\054\177\026\170\001\173\227\154\325}{section.0.6}% 21
\BOOKMARK [2][-]{subsection.0.6.2}{\376\377\0006\000.\0002\000\040\122\006\155\101\220\032\220\123}{section.0.6}% 22
\BOOKMARK [2][-]{subsection.0.6.3}{\376\377\0006\000.\0003\000\040\177\026\170\001\155\101\172\013}{section.0.6}% 23
\BOOKMARK [1][-]{section.0.7}{\376\377\0007\000\040\176\323\147\234}{}% 24
