This is XeTeX, Version 3.14159265-2.6-0.99999 (MiKTeX 2.9.6630 64-bit) (preloaded format=xelatex 2018.6.6)  27 DEC 2018 10:08
entering extended mode
**D:/信息论/jpeg2000/report/tiling.tex
(D:/信息论/jpeg2000/report/tiling.tex
LaTeX2e <2017-04-15>
Babel <3.18> and hyphenation patterns for 75 language(s) loaded.
! Undefined control sequence.
l.1 \section
            {图像分块与电平平移归一化}
The control sequence at the end of the top line
of your error message was never \def'ed. If you have
misspelled it (e.g., `\hobx'), type `I' and the correct
spelling (e.g., `I\hbox'). Otherwise just continue,
and I'll forget about whatever was undefined.


! LaTeX Error: Missing \begin{document}.

See the LaTeX manual or LaTeX Companion for explanation.
Type  H <return>  for immediate help.
 ...                                              
                                                  
l.1 \section{图
              像分块与电平平移归一化}
You're in trouble here.  Try typing  <return>  to proceed.
If that doesn't work, type  X <return>  to quit.

Missing character: There is no 图 in font nullfont!
Missing character: There is no 像 in font nullfont!
Missing character: There is no 分 in font nullfont!
Missing character: There is no 块 in font nullfont!
Missing character: There is no 与 in font nullfont!
Missing character: There is no 电 in font nullfont!
Missing character: There is no 平 in font nullfont!
Missing character: There is no 平 in font nullfont!
Missing character: There is no 移 in font nullfont!
Missing character: There is no 归 in font nullfont!
Missing character: There is no 一 in font nullfont!
Missing character: There is no 化 in font nullfont!

Overfull \hbox (20.0pt too wide) in paragraph at lines 1--2
[] 
 []


! LaTeX Error: Missing \begin{document}.

See the LaTeX manual or LaTeX Companion for explanation.
Type  H <return>  for immediate help.
 ...                                              
                                                  
l.3 在
     图像变换之前，首先需要对图像进行预处理。预处理主要分为分块、电平平移归一化和颜色变换三个过程（\textbf{图\ref{fig1}}）。在调...

You're in trouble here.  Try typing  <return>  to proceed.
If that doesn't work, type  X <return>  to quit.

Missing character: There is no 在 in font nullfont!
Missing character: There is no 图 in font nullfont!
Missing character: There is no 像 in font nullfont!
Missing character: There is no 变 in font nullfont!
Missing character: There is no 换 in font nullfont!
Missing character: There is no 之 in font nullfont!
Missing character: There is no 前 in font nullfont!
Missing character: There is no ， in font nullfont!
Missing character: There is no 首 in font nullfont!
Missing character: There is no 先 in font nullfont!
Missing character: There is no 需 in font nullfont!
Missing character: There is no 要 in font nullfont!
Missing character: There is no 对 in font nullfont!
Missing character: There is no 图 in font nullfont!
Missing character: There is no 像 in font nullfont!
Missing character: There is no 进 in font nullfont!
Missing character: There is no 行 in font nullfont!
Missing character: There is no 预 in font nullfont!
Missing character: There is no 处 in font nullfont!
Missing character: There is no 理 in font nullfont!
Missing character: There is no 。 in font nullfont!
Missing character: There is no 预 in font nullfont!
Missing character: There is no 处 in font nullfont!
Missing character: There is no 理 in font nullfont!
Missing character: There is no 主 in font nullfont!
Missing character: There is no 要 in font nullfont!
Missing character: There is no 分 in font nullfont!
Missing character: There is no 为 in font nullfont!
Missing character: There is no 分 in font nullfont!
Missing character: There is no 块 in font nullfont!
Missing character: There is no 、 in font nullfont!
Missing character: There is no 电 in font nullfont!
Missing character: There is no 平 in font nullfont!
Missing character: There is no 平 in font nullfont!
Missing character: There is no 移 in font nullfont!
Missing character: There is no 归 in font nullfont!
Missing character: There is no 一 in font nullfont!
Missing character: There is no 化 in font nullfont!
Missing character: There is no 和 in font nullfont!
Missing character: There is no 颜 in font nullfont!
Missing character: There is no 色 in font nullfont!
Missing character: There is no 变 in font nullfont!
Missing character: There is no 换 in font nullfont!
Missing character: There is no 三 in font nullfont!
Missing character: There is no 个 in font nullfont!
Missing character: There is no 过 in font nullfont!
Missing character: There is no 程 in font nullfont!
Missing character: There is no （ in font nullfont!
Missing character: There is no 图 in font [lmroman10-bold]:mapping=tex-text;!
! Undefined control sequence.
<write> ...ing: Reference `fig1' on page \thepage 
                                                  \space undefined\on@line .^^J
l.3 ...要分为分块、电平平移归一化和颜色变换三个过程（\textbf{图\ref{fig1}}
                                                  ）。在调用\textit{cv2.imread}读取...
The control sequence at the end of the top line
of your error message was never \def'ed. If you have
misspelled it (e.g., `\hobx'), type `I' and the correct
spelling (e.g., `I\hbox'). Otherwise just continue,
and I'll forget about whatever was undefined.


LaTeX Warning: Reference `fig1' on page  undefined on input line 3.

Missing character: There is no ） in font nullfont!
Missing character: There is no 。 in font nullfont!
Missing character: There is no 在 in font nullfont!
Missing character: There is no 调 in font nullfont!
Missing character: There is no 用 in font nullfont!
Missing character: There is no 读 in font nullfont!
Missing character: There is no 取 in font nullfont!
Missing character: There is no 图 in font nullfont!
Missing character: There is no 像 in font nullfont!
Missing character: There is no 数 in font nullfont!
Missing character: There is no 据 in font nullfont!
Missing character: There is no 时 in font nullfont!
Missing character: There is no ， in font nullfont!
Missing character: There is no 利 in font nullfont!
Missing character: There is no 用 in font nullfont!
Missing character: There is no 正 in font nullfont!
Missing character: There is no 则 in font nullfont!
Missing character: There is no 表 in font nullfont!
Missing character: There is no 达 in font nullfont!
Missing character: There is no 式 in font nullfont!
Missing character: There is no 获 in font nullfont!
Missing character: There is no 取 in font nullfont!
Missing character: There is no 图 in font nullfont!
Missing character: There is no 像 in font nullfont!
Missing character: There is no 的 in font nullfont!
Missing character: There is no 颜 in font nullfont!
Missing character: There is no 色 in font nullfont!
Missing character: There is no 位 in font nullfont!
Missing character: There is no 数 in font nullfont!
Missing character: There is no 信 in font nullfont!
Missing character: There is no 息 in font nullfont!
Missing character: There is no ， in font nullfont!
Missing character: There is no 方 in font nullfont!
Missing character: There is no 便 in font nullfont!
Missing character: There is no 之 in font nullfont!
Missing character: There is no 后 in font nullfont!
Missing character: There is no 的 in font nullfont!
Missing character: There is no 处 in font nullfont!
Missing character: There is no 理 in font nullfont!
Missing character: There is no 。 in font nullfont!
Missing character: There is no 代 in font [lmroman10-italic]:mapping=tex-text;!
Missing character: There is no 码 in font [lmroman10-italic]:mapping=tex-text;!
Missing character: There is no 见 in font [lmroman10-italic]:mapping=tex-text;!
Missing character: There is no 函 in font [lmroman10-italic]:mapping=tex-text;!
Missing character: There is no 数 in font [lmroman10-italic]:mapping=tex-text;!
Missing character: There is no 。 in font [lmroman10-italic]:mapping=tex-text;!

Overfull \hbox (145.67003pt too wide) in paragraph at lines 3--4
[]\TU/lmr/bx/n/10 图[]\TU/lmr/m/it/10 cv2.imread代码见函数init_image。 
 []


! LaTeX Error: Environment figure undefined.

See the LaTeX manual or LaTeX Companion for explanation.
Type  H <return>  for immediate help.
 ...                                              
                                                  
l.5 \begin{figure}
                  [H]
Your command was ignored.
Type  I <command> <return>  to replace it with another command,
or  <return>  to continue without it.


! LaTeX Error: Missing \begin{document}.

See the LaTeX manual or LaTeX Companion for explanation.
Type  H <return>  for immediate help.
 ...                                              
                                                  
l.5 \begin{figure}[
                   H]
You're in trouble here.  Try typing  <return>  to proceed.
If that doesn't work, type  X <return>  to quit.

Missing character: There is no [ in font nullfont!
Missing character: There is no H in font nullfont!
Missing character: There is no ] in font nullfont!
! Undefined control sequence.
l.7 ^^I\includegraphics
                       [scale=0.4]{fig1}
The control sequence at the end of the top line
of your error message was never \def'ed. If you have
misspelled it (e.g., `\hobx'), type `I' and the correct
spelling (e.g., `I\hbox'). Otherwise just continue,
and I'll forget about whatever was undefined.

Missing character: There is no [ in font nullfont!
Missing character: There is no s in font nullfont!
Missing character: There is no c in font nullfont!
Missing character: There is no a in font nullfont!
Missing character: There is no l in font nullfont!
Missing character: There is no e in font nullfont!
Missing character: There is no = in font nullfont!
Missing character: There is no 0 in font nullfont!
Missing character: There is no . in font nullfont!
Missing character: There is no 4 in font nullfont!
Missing character: There is no ] in font nullfont!
Missing character: There is no f in font nullfont!
Missing character: There is no i in font nullfont!
Missing character: There is no g in font nullfont!
Missing character: There is no 1 in font nullfont!

! LaTeX Error: \caption outside float.

See the LaTeX manual or LaTeX Companion for explanation.
Type  H <return>  for immediate help.
 ...                                              
                                                  
l.8 ^^I\caption
               {图像预处理.}
You're in trouble here.  Try typing  <return>  to proceed.
If that doesn't work, type  X <return>  to quit.

Missing character: There is no 图 in font nullfont!
Missing character: There is no 像 in font nullfont!
Missing character: There is no 预 in font nullfont!
Missing character: There is no 处 in font nullfont!
Missing character: There is no 理 in font nullfont!
Missing character: There is no . in font nullfont!

! LaTeX Error: \begin{document} ended by \end{figure}.

See the LaTeX manual or LaTeX Companion for explanation.
Type  H <return>  for immediate help.
 ...                                              
                                                  
l.10 \end{figure}
                 
Your command was ignored.
Type  I <command> <return>  to replace it with another command,
or  <return>  to continue without it.


Overfull \hbox (20.0pt too wide) in paragraph at lines 5--11
[]
 []

! Undefined control sequence.
l.12 \subsection
                {图像分块}
The control sequence at the end of the top line
of your error message was never \def'ed. If you have
misspelled it (e.g., `\hobx'), type `I' and the correct
spelling (e.g., `I\hbox'). Otherwise just continue,
and I'll forget about whatever was undefined.


! LaTeX Error: Missing \begin{document}.

See the LaTeX manual or LaTeX Companion for explanation.
Type  H <return>  for immediate help.
 ...                                              
                                                  
l.12 \subsection{图
                  像分块}
You're in trouble here.  Try typing  <return>  to proceed.
If that doesn't work, type  X <return>  to quit.

Missing character: There is no 图 in font nullfont!
Missing character: There is no 像 in font nullfont!
Missing character: There is no 分 in font nullfont!
Missing character: There is no 块 in font nullfont!
Missing character: There is no 与 in font nullfont!
Missing character: There is no J in font nullfont!
Missing character: There is no P in font nullfont!
Missing character: There is no E in font nullfont!
Missing character: There is no G in font nullfont!
Missing character: There is no 标 in font nullfont!
Missing character: There is no 准 in font nullfont!
Missing character: There is no 相 in font nullfont!
Missing character: There is no 同 in font nullfont!
Missing character: There is no ， in font nullfont!
Missing character: There is no J in font nullfont!
Missing character: There is no P in font nullfont!
Missing character: There is no E in font nullfont!
Missing character: There is no G in font nullfont!
Missing character: There is no 2 in font nullfont!
Missing character: There is no 0 in font nullfont!
Missing character: There is no 0 in font nullfont!
Missing character: There is no 0 in font nullfont!
Missing character: There is no 标 in font nullfont!
Missing character: There is no 准 in font nullfont!
Missing character: There is no 也 in font nullfont!
Missing character: There is no 需 in font nullfont!
Missing character: There is no 要 in font nullfont!
Missing character: There is no 将 in font nullfont!
Missing character: There is no 图 in font nullfont!
Missing character: There is no 像 in font nullfont!
Missing character: There is no 分 in font nullfont!
Missing character: There is no 块 in font nullfont!
Missing character: There is no ， in font nullfont!
Missing character: There is no 不 in font nullfont!
Missing character: There is no 过 in font nullfont!
Missing character: There is no 是 in font nullfont!
Missing character: There is no 为 in font nullfont!
Missing character: There is no 了 in font nullfont!
Missing character: There is no 降 in font nullfont!
Missing character: There is no 低 in font nullfont!
Missing character: There is no 计 in font nullfont!
Missing character: There is no 算 in font nullfont!
Missing character: There is no 量 in font nullfont!
Missing character: There is no 和 in font nullfont!
Missing character: There is no 对 in font nullfont!
Missing character: There is no 内 in font nullfont!
Missing character: There is no 存 in font nullfont!
Missing character: There is no 的 in font nullfont!
Missing character: There is no 需 in font nullfont!
Missing character: There is no 求 in font nullfont!
Missing character: There is no ， in font nullfont!
Missing character: There is no 以 in font nullfont!
Missing character: There is no 方 in font nullfont!
Missing character: There is no 便 in font nullfont!
Missing character: There is no 压 in font nullfont!
Missing character: There is no 缩 in font nullfont!
Missing character: There is no （ in font nullfont!
Missing character: There is no 当 in font nullfont!
Missing character: There is no 然 in font nullfont!
Missing character: There is no 也 in font nullfont!
Missing character: There is no 可 in font nullfont!
Missing character: There is no 以 in font nullfont!
Missing character: There is no 选 in font nullfont!
Missing character: There is no 择 in font nullfont!
Missing character: There is no 不 in font nullfont!
Missing character: There is no 分 in font nullfont!
Missing character: There is no 块 in font nullfont!
Missing character: There is no ） in font nullfont!
Missing character: There is no 。 in font nullfont!
Missing character: There is no 但 in font nullfont!
Missing character: There is no 与 in font nullfont!
Missing character: There is no J in font nullfont!
Missing character: There is no P in font nullfont!
Missing character: There is no E in font nullfont!
Missing character: There is no G in font nullfont!
Missing character: There is no 标 in font nullfont!
Missing character: There is no 准 in font nullfont!
Missing character: There is no 不 in font nullfont!
Missing character: There is no 同 in font nullfont!
Missing character: There is no 的 in font nullfont!
Missing character: There is no 是 in font nullfont!
Missing character: There is no ， in font nullfont!
Missing character: There is no J in font nullfont!
Missing character: There is no P in font nullfont!
Missing character: There is no E in font nullfont!
Missing character: There is no G in font nullfont!
Missing character: There is no 2 in font nullfont!
Missing character: There is no 0 in font nullfont!
Missing character: There is no 0 in font nullfont!
Missing character: There is no 0 in font nullfont!
Missing character: There is no 标 in font nullfont!
Missing character: There is no 准 in font nullfont!
Missing character: There is no 并 in font nullfont!
Missing character: There is no 不 in font nullfont!
Missing character: There is no 需 in font nullfont!
Missing character: There is no 要 in font nullfont!
Missing character: There is no 将 in font nullfont!
Missing character: There is no 图 in font nullfont!
Missing character: There is no 像 in font nullfont!
Missing character: There is no 强 in font nullfont!
Missing character: There is no 制 in font nullfont!
Missing character: There is no 分 in font nullfont!
Missing character: There is no 成 in font nullfont!
LaTeX Font Info:    External font `cmex10' loaded for size
(Font)              <7> on input line 13.
LaTeX Font Info:    External font `cmex10' loaded for size
(Font)              <5> on input line 13.
Missing character: There is no 的 in font nullfont!
Missing character: There is no 小 in font nullfont!
Missing character: There is no 块 in font nullfont!
Missing character: There is no , in font nullfont!
Missing character: There is no 而 in font nullfont!
Missing character: There is no 是 in font nullfont!
Missing character: There is no 可 in font nullfont!
Missing character: There is no 以 in font nullfont!
Missing character: There is no 将 in font nullfont!
Missing character: There is no 图 in font nullfont!
Missing character: There is no 像 in font nullfont!
Missing character: There is no 分 in font nullfont!
Missing character: There is no 割 in font nullfont!
Missing character: There is no 成 in font nullfont!
Missing character: There is no 若 in font nullfont!
Missing character: There is no 干 in font nullfont!
Missing character: There is no 任 in font nullfont!
Missing character: There is no 意 in font nullfont!
Missing character: There is no 大 in font nullfont!
Missing character: There is no 小 in font nullfont!
Missing character: There is no 的 in font nullfont!
Missing character: There is no 互 in font nullfont!
Missing character: There is no 不 in font nullfont!
Missing character: There is no 重 in font nullfont!
Missing character: There is no 叠 in font nullfont!
Missing character: There is no 的 in font nullfont!
Missing character: There is no 矩 in font nullfont!
Missing character: There is no 形 in font nullfont!
Missing character: There is no 块 in font nullfont!
Missing character: There is no ( in font nullfont!
Missing character: There is no t in font nullfont!
Missing character: There is no i in font nullfont!
Missing character: There is no l in font nullfont!
Missing character: There is no e in font nullfont!
Missing character: There is no ) in font nullfont!
Missing character: There is no , in font nullfont!
Missing character: There is no 常 in font nullfont!
Missing character: There is no 分 in font nullfont!
Missing character: There is no 为 in font nullfont!
Missing character: There is no （ in font nullfont!
Missing character: There is no 即 in font nullfont!
Missing character: There is no 像 in font nullfont!
Missing character: There is no 素 in font nullfont!
Missing character: There is no 宽 in font nullfont!
Missing character: There is no ） in font nullfont!
Missing character: There is no 的 in font nullfont!
Missing character: There is no 正 in font nullfont!
Missing character: There is no 方 in font nullfont!
Missing character: There is no 形 in font nullfont!
Missing character: There is no t in font nullfont!
Missing character: There is no i in font nullfont!
Missing character: There is no l in font nullfont!
Missing character: There is no e in font nullfont!
Missing character: There is no 。 in font nullfont!
Missing character: There is no 受 in font nullfont!
Missing character: There is no 图 in font nullfont!
Missing character: There is no 像 in font nullfont!
Missing character: There is no 形 in font nullfont!
Missing character: There is no 状 in font nullfont!
Missing character: There is no 的 in font nullfont!
Missing character: There is no 影 in font nullfont!
Missing character: There is no 响 in font nullfont!
Missing character: There is no ， in font nullfont!
Missing character: There is no 边 in font nullfont!
Missing character: There is no 缘 in font nullfont!
Missing character: There is no 部 in font nullfont!
Missing character: There is no 分 in font nullfont!
Missing character: There is no 的 in font nullfont!
Missing character: There is no t in font nullfont!
Missing character: There is no i in font nullfont!
Missing character: There is no l in font nullfont!
Missing character: There is no e in font nullfont!
Missing character: There is no 的 in font nullfont!
Missing character: There is no 大 in font nullfont!
Missing character: There is no 小 in font nullfont!
Missing character: There is no 和 in font nullfont!
Missing character: There is no 形 in font nullfont!
Missing character: There is no 状 in font nullfont!
Missing character: There is no 可 in font nullfont!
Missing character: There is no 能 in font nullfont!
Missing character: There is no 与 in font nullfont!
Missing character: There is no 其 in font nullfont!
Missing character: There is no 它 in font nullfont!
Missing character: There is no 的 in font nullfont!
Missing character: There is no t in font nullfont!
Missing character: There is no i in font nullfont!
Missing character: There is no l in font nullfont!
Missing character: There is no e in font nullfont!
Missing character: There is no 不 in font nullfont!
Missing character: There is no 同 in font nullfont!
Missing character: There is no 。 in font nullfont!
Missing character: There is no T in font nullfont!
Missing character: There is no i in font nullfont!
Missing character: There is no l in font nullfont!
Missing character: There is no e in font nullfont!
Missing character: There is no 的 in font nullfont!
Missing character: There is no 大 in font nullfont!
Missing character: There is no 小 in font nullfont!
Missing character: There is no 会 in font nullfont!
Missing character: There is no 影 in font nullfont!
Missing character: There is no 响 in font nullfont!
Missing character: There is no 重 in font nullfont!
Missing character: There is no 构 in font nullfont!
Missing character: There is no 图 in font nullfont!
Missing character: There is no 像 in font nullfont!
Missing character: There is no 的 in font nullfont!
Missing character: There is no 质 in font nullfont!
Missing character: There is no 量 in font nullfont!
Missing character: There is no 。 in font nullfont!
Missing character: There is no 一 in font nullfont!
Missing character: There is no 般 in font nullfont!
Missing character: There is no 情 in font nullfont!
Missing character: There is no 况 in font nullfont!
Missing character: There is no 下 in font nullfont!
Missing character: There is no ， in font nullfont!
Missing character: There is no 大 in font nullfont!
Missing character: There is no 的 in font nullfont!
Missing character: There is no t in font nullfont!
Missing character: There is no i in font nullfont!
Missing character: There is no l in font nullfont!
Missing character: There is no e in font nullfont!
Missing character: There is no 重 in font nullfont!
Missing character: There is no 构 in font nullfont!
Missing character: There is no 出 in font nullfont!
Missing character: There is no 的 in font nullfont!
Missing character: There is no 图 in font nullfont!
Missing character: There is no 像 in font nullfont!
Missing character: There is no 质 in font nullfont!
Missing character: There is no 量 in font nullfont!
Missing character: There is no 要 in font nullfont!
Missing character: There is no 好 in font nullfont!
Missing character: There is no 一 in font nullfont!
Missing character: There is no 些 in font nullfont!
Missing character: There is no ， in font nullfont!
Missing character: There is no 因 in font nullfont!
Missing character: There is no 为 in font nullfont!
Missing character: There is no 小 in font nullfont!
Missing character: There is no 波 in font nullfont!
Missing character: There is no 变 in font nullfont!
Missing character: There is no 换 in font nullfont!
Missing character: There is no 的 in font nullfont!
Missing character: There is no 范 in font nullfont!
Missing character: There is no 围 in font nullfont!
Missing character: There is no 大 in font nullfont!
Missing character: There is no ， in font nullfont!
Missing character: There is no 减 in font nullfont!
Missing character: There is no 轻 in font nullfont!
Missing character: There is no 了 in font nullfont!
Missing character: There is no 边 in font nullfont!
Missing character: There is no 缘 in font nullfont!
Missing character: There is no 效 in font nullfont!
Missing character: There is no 应 in font nullfont!
Missing character: There is no 。 in font nullfont!
Missing character: There is no 代 in font [lmroman10-italic]:mapping=tex-text;!
Missing character: There is no 码 in font [lmroman10-italic]:mapping=tex-text;!
Missing character: There is no 见 in font [lmroman10-italic]:mapping=tex-text;!
Missing character: There is no 和 in font [lmroman10-italic]:mapping=tex-text;!
Missing character: There is no 中 in font [lmroman10-italic]:mapping=tex-text;!
Missing character: There is no 的 in font [lmroman10-italic]:mapping=tex-text;!
Missing character: There is no 函 in font [lmroman10-italic]:mapping=tex-text;!
Missing character: There is no 数 in font [lmroman10-italic]:mapping=tex-text;!
Missing character: There is no 。 in font [lmroman10-italic]:mapping=tex-text;!

Overfull \hbox (20.0pt too wide) in paragraph at lines 12--13
[]
 []


Overfull \hbox (12.77782pt too wide) in paragraph at lines 12--13
\OT1/cmr/m/n/10 8 \OMS/cmsy/m/n/10 ^^B
 []


Overfull \hbox (25.04167pt too wide) in paragraph at lines 12--13
\OT1/cmr/m/n/10 8$$2[] \OMS/cmsy/m/n/10 ^^X
 []


Overfull \hbox (34.02782pt too wide) in paragraph at lines 12--13
\OT1/cmr/m/n/10 2[]$$64 \OMS/cmsy/m/n/10 ^^X
 []


Overfull \hbox (48.85007pt too wide) in paragraph at lines 12--13
\OT1/cmr/m/n/10 1024$\TU/lmr/m/it/10 代码见class
 []


Overfull \hbox (23.77pt too wide) in paragraph at lines 12--13
\TU/lmr/m/it/10 Tile和-
 []


Overfull \hbox (20.45pt too wide) in paragraph at lines 12--13
\TU/lmr/m/it/10 class
 []


Overfull \hbox (116.22pt too wide) in paragraph at lines 12--13
\TU/lmr/m/it/10 JPEG2000中的函数image_tiling。 
 []

! Undefined control sequence.
l.15 \subsection
                {电平平移归一化}
The control sequence at the end of the top line
of your error message was never \def'ed. If you have
misspelled it (e.g., `\hobx'), type `I' and the correct
spelling (e.g., `I\hbox'). Otherwise just continue,
and I'll forget about whatever was undefined.


! LaTeX Error: Missing \begin{document}.

See the LaTeX manual or LaTeX Companion for explanation.
Type  H <return>  for immediate help.
 ...                                              
                                                  
l.15 \subsection{电
                  平平移归一化}
You're in trouble here.  Try typing  <return>  to proceed.
If that doesn't work, type  X <return>  to quit.

Missing character: There is no 电 in font nullfont!
Missing character: There is no 平 in font nullfont!
Missing character: There is no 平 in font nullfont!
Missing character: There is no 移 in font nullfont!
Missing character: There is no 归 in font nullfont!
Missing character: There is no 一 in font nullfont!
Missing character: There is no 化 in font nullfont!
Missing character: There is no 电 in font nullfont!
Missing character: There is no 平 in font nullfont!
Missing character: There is no 平 in font nullfont!
Missing character: There is no 移 in font nullfont!
Missing character: There is no 归 in font nullfont!
Missing character: There is no 一 in font nullfont!
Missing character: There is no 化 in font nullfont!
Missing character: There is no 分 in font nullfont!
Missing character: There is no 为 in font nullfont!
Missing character: There is no 两 in font nullfont!
Missing character: There is no 步 in font nullfont!
Missing character: There is no ： in font nullfont!

Overfull \hbox (20.0pt too wide) in paragraph at lines 15--16
[] 
 []


! LaTeX Error: Missing \begin{document}.

See the LaTeX manual or LaTeX Companion for explanation.
Type  H <return>  for immediate help.
 ...                                              
                                                  
l.17 第
      一步是直流电平平移（DC level shifting），通过将数据减去均值使之关于0对称分布，以去掉频谱中的直流分量。
You're in trouble here.  Try typing  <return>  to proceed.
If that doesn't work, type  X <return>  to quit.

Missing character: There is no 第 in font nullfont!
Missing character: There is no 一 in font nullfont!
Missing character: There is no 步 in font nullfont!
Missing character: There is no 是 in font nullfont!
Missing character: There is no 直 in font nullfont!
Missing character: There is no 流 in font nullfont!
Missing character: There is no 电 in font nullfont!
Missing character: There is no 平 in font nullfont!
Missing character: There is no 平 in font nullfont!
Missing character: There is no 移 in font nullfont!
Missing character: There is no （ in font nullfont!
Missing character: There is no D in font nullfont!
Missing character: There is no C in font nullfont!
Missing character: There is no l in font nullfont!
Missing character: There is no e in font nullfont!
Missing character: There is no v in font nullfont!
Missing character: There is no e in font nullfont!
Missing character: There is no l in font nullfont!
Missing character: There is no s in font nullfont!
Missing character: There is no h in font nullfont!
Missing character: There is no i in font nullfont!
Missing character: There is no f in font nullfont!
Missing character: There is no t in font nullfont!
Missing character: There is no i in font nullfont!
Missing character: There is no n in font nullfont!
Missing character: There is no g in font nullfont!
Missing character: There is no ） in font nullfont!
Missing character: There is no ， in font nullfont!
Missing character: There is no 通 in font nullfont!
Missing character: There is no 过 in font nullfont!
Missing character: There is no 将 in font nullfont!
Missing character: There is no 数 in font nullfont!
Missing character: There is no 据 in font nullfont!
Missing character: There is no 减 in font nullfont!
Missing character: There is no 去 in font nullfont!
Missing character: There is no 均 in font nullfont!
Missing character: There is no 值 in font nullfont!
Missing character: There is no 使 in font nullfont!
Missing character: There is no 之 in font nullfont!
Missing character: There is no 关 in font nullfont!
Missing character: There is no 于 in font nullfont!
Missing character: There is no 0 in font nullfont!
Missing character: There is no 对 in font nullfont!
Missing character: There is no 称 in font nullfont!
Missing character: There is no 分 in font nullfont!
Missing character: There is no 布 in font nullfont!
Missing character: There is no ， in font nullfont!
Missing character: There is no 以 in font nullfont!
Missing character: There is no 去 in font nullfont!
Missing character: There is no 掉 in font nullfont!
Missing character: There is no 频 in font nullfont!
Missing character: There is no 谱 in font nullfont!
Missing character: There is no 中 in font nullfont!
Missing character: There is no 的 in font nullfont!
Missing character: There is no 直 in font nullfont!
Missing character: There is no 流 in font nullfont!
Missing character: There is no 分 in font nullfont!
Missing character: There is no 量 in font nullfont!
Missing character: There is no 。 in font nullfont!

Overfull \hbox (20.0pt too wide) in paragraph at lines 17--18
[]
 []


! LaTeX Error: Environment aligned undefined.

See the LaTeX manual or LaTeX Companion for explanation.
Type  H <return>  for immediate help.
 ...                                              
                                                  
l.19 \begin{aligned}
                    
Your command was ignored.
Type  I <command> <return>  to replace it with another command,
or  <return>  to continue without it.


! LaTeX Error: \begin{document} ended by \end{aligned}.

See the LaTeX manual or LaTeX Companion for explanation.
Type  H <return>  for immediate help.
 ...                                              
                                                  
l.22 \end{aligned}
                  
Your command was ignored.
Type  I <command> <return>  to replace it with another command,
or  <return>  to continue without it.


Overfull \hbox (227.23228pt too wide) detected at line 23
\OML/cmm/m/it/10 I[]\OT1/cmr/m/n/10 (\OML/cmm/m/it/10 x; y\OT1/cmr/m/n/10 ) = \
OML/cmm/m/it/10 I\OT1/cmr/m/n/10 (\OML/cmm/m/it/10 x; y\OT1/cmr/m/n/10 ) \OMS/c
msy/m/n/10 ^^@ \OT1/cmr/m/n/10 2[][]  \OMS/cmsy/m/n/10 ^^@ \OT1/cmr/m/n/10 2[] 
\OMS/cmsy/m/n/10 ^^T \OML/cmm/m/it/10 I[]\OT1/cmr/m/n/10 (\OML/cmm/m/it/10 x; y
\OT1/cmr/m/n/10 ) \OMS/cmsy/m/n/10 ^^T \OT1/cmr/m/n/10 2[] \OMS/cmsy/m/n/10 ^^@
 \OT1/cmr/m/n/10 1
 []

Missing character: There is no 其 in font nullfont!
Missing character: There is no 中 in font nullfont!
Missing character: There is no B in font nullfont!
Missing character: There is no 是 in font nullfont!
Missing character: There is no 之 in font nullfont!
Missing character: There is no 前 in font nullfont!
Missing character: There is no 读 in font nullfont!
Missing character: There is no 取 in font nullfont!
Missing character: There is no 到 in font nullfont!
Missing character: There is no 的 in font nullfont!
Missing character: There is no 颜 in font nullfont!
Missing character: There is no 色 in font nullfont!
Missing character: There is no 位 in font nullfont!
Missing character: There is no 数 in font nullfont!
Missing character: There is no 信 in font nullfont!
Missing character: There is no 息 in font nullfont!
Missing character: There is no 。 in font nullfont!

! LaTeX Error: Missing \begin{document}.

See the LaTeX manual or LaTeX Companion for explanation.
Type  H <return>  for immediate help.
 ...                                              
                                                  
l.25 第
      二步是电平归一化（normaliztion）。对于无损压缩中的5/3小波变换，由于采用的是整数小波变换，所以不需要进行归一化；而对于有损压缩...

You're in trouble here.  Try typing  <return>  to proceed.
If that doesn't work, type  X <return>  to quit.

Missing character: There is no 第 in font nullfont!
Missing character: There is no 二 in font nullfont!
Missing character: There is no 步 in font nullfont!
Missing character: There is no 是 in font nullfont!
Missing character: There is no 电 in font nullfont!
Missing character: There is no 平 in font nullfont!
Missing character: There is no 归 in font nullfont!
Missing character: There is no 一 in font nullfont!
Missing character: There is no 化 in font nullfont!
Missing character: There is no （ in font nullfont!
Missing character: There is no n in font nullfont!
Missing character: There is no o in font nullfont!
Missing character: There is no r in font nullfont!
Missing character: There is no m in font nullfont!
Missing character: There is no a in font nullfont!
Missing character: There is no l in font nullfont!
Missing character: There is no i in font nullfont!
Missing character: There is no z in font nullfont!
Missing character: There is no t in font nullfont!
Missing character: There is no i in font nullfont!
Missing character: There is no o in font nullfont!
Missing character: There is no n in font nullfont!
Missing character: There is no ） in font nullfont!
Missing character: There is no 。 in font nullfont!
Missing character: There is no 对 in font nullfont!
Missing character: There is no 于 in font nullfont!
Missing character: There is no 无 in font nullfont!
Missing character: There is no 损 in font nullfont!
Missing character: There is no 压 in font nullfont!
Missing character: There is no 缩 in font nullfont!
Missing character: There is no 中 in font nullfont!
Missing character: There is no 的 in font nullfont!
Missing character: There is no 5 in font nullfont!
Missing character: There is no / in font nullfont!
Missing character: There is no 3 in font nullfont!
Missing character: There is no 小 in font nullfont!
Missing character: There is no 波 in font nullfont!
Missing character: There is no 变 in font nullfont!
Missing character: There is no 换 in font nullfont!
Missing character: There is no ， in font nullfont!
Missing character: There is no 由 in font nullfont!
Missing character: There is no 于 in font nullfont!
Missing character: There is no 采 in font nullfont!
Missing character: There is no 用 in font nullfont!
Missing character: There is no 的 in font nullfont!
Missing character: There is no 是 in font nullfont!
Missing character: There is no 整 in font nullfont!
Missing character: There is no 数 in font nullfont!
Missing character: There is no 小 in font nullfont!
Missing character: There is no 波 in font nullfont!
Missing character: There is no 变 in font nullfont!
Missing character: There is no 换 in font nullfont!
Missing character: There is no ， in font nullfont!
Missing character: There is no 所 in font nullfont!
Missing character: There is no 以 in font nullfont!
Missing character: There is no 不 in font nullfont!
Missing character: There is no 需 in font nullfont!
Missing character: There is no 要 in font nullfont!
Missing character: There is no 进 in font nullfont!
Missing character: There is no 行 in font nullfont!
Missing character: There is no 归 in font nullfont!
Missing character: There is no 一 in font nullfont!
Missing character: There is no 化 in font nullfont!
Missing character: There is no ； in font nullfont!
Missing character: There is no 而 in font nullfont!
Missing character: There is no 对 in font nullfont!
Missing character: There is no 于 in font nullfont!
Missing character: There is no 有 in font nullfont!
Missing character: There is no 损 in font nullfont!
Missing character: There is no 压 in font nullfont!
Missing character: There is no 缩 in font nullfont!
Missing character: There is no 中 in font nullfont!
Missing character: There is no 的 in font nullfont!
Missing character: There is no 9 in font nullfont!
Missing character: There is no / in font nullfont!
Missing character: There is no 7 in font nullfont!
Missing character: There is no 小 in font nullfont!
Missing character: There is no 波 in font nullfont!
Missing character: There is no 变 in font nullfont!
Missing character: There is no 换 in font nullfont!
Missing character: There is no ， in font nullfont!
Missing character: There is no 由 in font nullfont!
Missing character: There is no 于 in font nullfont!
Missing character: There is no 采 in font nullfont!
Missing character: There is no 用 in font nullfont!
Missing character: There is no 的 in font nullfont!
Missing character: There is no 是 in font nullfont!
Missing character: There is no 实 in font nullfont!
Missing character: There is no 数 in font nullfont!
Missing character: There is no 小 in font nullfont!
Missing character: There is no 波 in font nullfont!
Missing character: There is no 变 in font nullfont!
Missing character: There is no 换 in font nullfont!
Missing character: There is no ， in font nullfont!
Missing character: There is no 故 in font nullfont!
Missing character: There is no 需 in font nullfont!
Missing character: There is no 要 in font nullfont!
Missing character: There is no 对 in font nullfont!
Missing character: There is no 每 in font nullfont!
Missing character: There is no 个 in font nullfont!
Missing character: There is no t in font nullfont!
Missing character: There is no i in font nullfont!
Missing character: There is no l in font nullfont!
Missing character: There is no e in font nullfont!
Missing character: There is no 进 in font nullfont!
Missing character: There is no 行 in font nullfont!
Missing character: There is no 如 in font nullfont!
Missing character: There is no 下 in font nullfont!
Missing character: There is no 运 in font nullfont!
Missing character: There is no 算 in font nullfont!
Missing character: There is no 以 in font nullfont!
Missing character: There is no 归 in font nullfont!
Missing character: There is no 一 in font nullfont!
Missing character: There is no 化 in font nullfont!
Missing character: There is no ： in font nullfont!

Overfull \hbox (20.0pt too wide) in paragraph at lines 25--25
[] 
 []


! LaTeX Error: Missing \begin{document}.

See the LaTeX manual or LaTeX Companion for explanation.
Type  H <return>  for immediate help.
 ...                                              
                                                  
l.26 \[
       
You're in trouble here.  Try typing  <return>  to proceed.
If that doesn't work, type  X <return>  to quit.


Overfull \hbox (20.0pt too wide) in paragraph at lines 26--26
[][] 
 []


! LaTeX Error: Environment aligned undefined.

See the LaTeX manual or LaTeX Companion for explanation.
Type  H <return>  for immediate help.
 ...                                              
                                                  
l.27 \begin{aligned}
                    
Your command was ignored.
Type  I <command> <return>  to replace it with another command,
or  <return>  to continue without it.


! LaTeX Error: \begin{document} ended by \end{aligned}.

See the LaTeX manual or LaTeX Companion for explanation.
Type  H <return>  for immediate help.
 ...                                              
                                                  
l.30 \end{aligned}
                  
Your command was ignored.
Type  I <command> <return>  to replace it with another command,
or  <return>  to continue without it.


Overfull \hbox (161.22064pt too wide) detected at line 31
\OML/cmm/m/it/10 I[]\OT1/cmr/m/n/10 (\OML/cmm/m/it/10 x; y\OT1/cmr/m/n/10 ) = [
][]  \OMS/cmsy/m/n/10 ^^@ [] ^^T \OML/cmm/m/it/10 I[]\OT1/cmr/m/n/10 (\OML/cmm/
m/it/10 x; y\OT1/cmr/m/n/10 ) \OML/cmm/m/it/10 < []
 []

Missing character: There is no 但 in font nullfont!
Missing character: There is no 是 in font nullfont!
Missing character: There is no 事 in font nullfont!
Missing character: There is no 实 in font nullfont!
Missing character: There is no 上 in font nullfont!
Missing character: There is no ， in font nullfont!
Missing character: There is no 电 in font nullfont!
Missing character: There is no 平 in font nullfont!
Missing character: There is no 平 in font nullfont!
Missing character: There is no 移 in font nullfont!
Missing character: There is no 归 in font nullfont!
Missing character: There is no 一 in font nullfont!
Missing character: There is no 化 in font nullfont!
Missing character: There is no 对 in font nullfont!
Missing character: There is no D in font nullfont!
Missing character: There is no W in font nullfont!
Missing character: There is no T in font nullfont!
Missing character: There is no 来 in font nullfont!
Missing character: There is no 说 in font nullfont!
Missing character: There is no 不 in font nullfont!
Missing character: There is no 是 in font nullfont!
Missing character: There is no 必 in font nullfont!
Missing character: There is no 须 in font nullfont!
Missing character: There is no 的 in font nullfont!
Missing character: There is no （ in font nullfont!
Missing character: There is no 而 in font nullfont!
Missing character: There is no 且 in font nullfont!
Missing character: There is no 电 in font nullfont!
Missing character: There is no 平 in font nullfont!
Missing character: There is no 平 in font nullfont!
Missing character: There is no 移 in font nullfont!
Missing character: There is no 归 in font nullfont!
Missing character: There is no 一 in font nullfont!
Missing character: There is no 化 in font nullfont!
Missing character: There is no 后 in font nullfont!
Missing character: There is no 还 in font nullfont!
Missing character: There is no 不 in font nullfont!
Missing character: There is no 便 in font nullfont!
Missing character: There is no 于 in font nullfont!
Missing character: There is no 进 in font nullfont!
Missing character: There is no 行 in font nullfont!
Missing character: There is no 色 in font nullfont!
Missing character: There is no 彩 in font nullfont!
Missing character: There is no 空 in font nullfont!
Missing character: There is no 间 in font nullfont!
Missing character: There is no 变 in font nullfont!
Missing character: There is no 换 in font nullfont!
Missing character: There is no ） in font nullfont!
Missing character: There is no ， in font nullfont!
Missing character: There is no 因 in font nullfont!
Missing character: There is no 为 in font nullfont!
Missing character: There is no 它 in font nullfont!
Missing character: There is no 只 in font nullfont!
Missing character: There is no 会 in font nullfont!
Missing character: There is no 影 in font nullfont!
Missing character: There is no 响 in font nullfont!
Missing character: There is no 小 in font nullfont!
Missing character: There is no 波 in font nullfont!
Missing character: There is no 系 in font nullfont!
Missing character: There is no 数 in font nullfont!
Missing character: There is no 的 in font nullfont!
Missing character: There is no 动 in font nullfont!
Missing character: There is no 态 in font nullfont!
Missing character: There is no 范 in font nullfont!
Missing character: There is no 围 in font nullfont!
Missing character: There is no 而 in font nullfont!
Missing character: There is no 不 in font nullfont!
Missing character: There is no 会 in font nullfont!
Missing character: There is no 影 in font nullfont!
Missing character: There is no 响 in font nullfont!
Missing character: There is no 结 in font nullfont!
Missing character: There is no 果 in font nullfont!
Missing character: There is no 。 in font nullfont!
Missing character: There is no 代 in font [lmroman10-italic]:mapping=tex-text;!
Missing character: There is no 码 in font [lmroman10-italic]:mapping=tex-text;!
Missing character: There is no 见 in font [lmroman10-italic]:mapping=tex-text;!
Missing character: There is no 函 in font [lmroman10-italic]:mapping=tex-text;!
Missing character: There is no 数 in font [lmroman10-italic]:mapping=tex-text;!
Missing character: There is no 。 in font [lmroman10-italic]:mapping=tex-text;!

Overfull \hbox (78.95pt too wide) in paragraph at lines 31--33
\TU/lmr/m/it/10 代码见函数dc_level_shift。 
 []

! Undefined control sequence.
l.34 \subsection
                {反变换}
The control sequence at the end of the top line
of your error message was never \def'ed. If you have
misspelled it (e.g., `\hobx'), type `I' and the correct
spelling (e.g., `I\hbox'). Otherwise just continue,
and I'll forget about whatever was undefined.


! LaTeX Error: Missing \begin{document}.

See the LaTeX manual or LaTeX Companion for explanation.
Type  H <return>  for immediate help.
 ...                                              
                                                  
l.34 \subsection{反
                  变换}
You're in trouble here.  Try typing  <return>  to proceed.
If that doesn't work, type  X <return>  to quit.

Missing character: There is no 反 in font nullfont!
Missing character: There is no 变 in font nullfont!
Missing character: There is no 换 in font nullfont!
Missing character: There is no 在 in font nullfont!
Missing character: There is no 解 in font nullfont!
Missing character: There is no 码 in font nullfont!
Missing character: There is no 、 in font nullfont!
Missing character: There is no 小 in font nullfont!
Missing character: There is no 波 in font nullfont!
Missing character: There is no 反 in font nullfont!
Missing character: There is no 变 in font nullfont!
Missing character: There is no 换 in font nullfont!
Missing character: There is no 和 in font nullfont!
Missing character: There is no 色 in font nullfont!
Missing character: There is no 彩 in font nullfont!
Missing character: There is no 空 in font nullfont!
Missing character: There is no 间 in font nullfont!
Missing character: There is no 反 in font nullfont!
Missing character: There is no 变 in font nullfont!
Missing character: There is no 换 in font nullfont!
Missing character: There is no 之 in font nullfont!
Missing character: There is no 后 in font nullfont!
Missing character: There is no ， in font nullfont!
Missing character: There is no 需 in font nullfont!
Missing character: There is no 要 in font nullfont!
Missing character: There is no 进 in font nullfont!
Missing character: There is no 行 in font nullfont!
Missing character: There is no 电 in font nullfont!
Missing character: There is no 平 in font nullfont!
Missing character: There is no 反 in font nullfont!
Missing character: There is no 平 in font nullfont!
Missing character: There is no 移 in font nullfont!
Missing character: There is no ， in font nullfont!
Missing character: There is no （ in font nullfont!
Missing character: There is no 如 in font nullfont!
Missing character: There is no 果 in font nullfont!
Missing character: There is no 是 in font nullfont!
Missing character: There is no 有 in font nullfont!
Missing character: There is no 损 in font nullfont!
Missing character: There is no 压 in font nullfont!
Missing character: There is no 缩 in font nullfont!
Missing character: There is no ， in font nullfont!
Missing character: There is no 还 in font nullfont!
Missing character: There is no 需 in font nullfont!
Missing character: There is no 要 in font nullfont!
Missing character: There is no 进 in font nullfont!
Missing character: There is no 行 in font nullfont!
Missing character: There is no 反 in font nullfont!
Missing character: There is no 归 in font nullfont!
Missing character: There is no 一 in font nullfont!
Missing character: There is no 化 in font nullfont!
Missing character: There is no ） in font nullfont!
Missing character: There is no ， in font nullfont!
Missing character: There is no 最 in font nullfont!
Missing character: There is no 后 in font nullfont!
Missing character: There is no 拼 in font nullfont!
Missing character: There is no 接 in font nullfont!
Missing character: There is no 得 in font nullfont!
Missing character: There is no 到 in font nullfont!
Missing character: There is no 恢 in font nullfont!
Missing character: There is no 复 in font nullfont!
Missing character: There is no 的 in font nullfont!
Missing character: There is no 图 in font nullfont!
Missing character: There is no 像 in font nullfont!
Missing character: There is no 。 in font nullfont!
Missing character: There is no 这 in font nullfont!
Missing character: There is no 些 in font nullfont!
Missing character: There is no 都 in font nullfont!
Missing character: There is no 是 in font nullfont!
Missing character: There is no 上 in font nullfont!
Missing character: There is no 述 in font nullfont!
Missing character: There is no 操 in font nullfont!
Missing character: There is no 作 in font nullfont!
Missing character: There is no 的 in font nullfont!
Missing character: There is no 反 in font nullfont!
Missing character: There is no 过 in font nullfont!
Missing character: There is no 程 in font nullfont!
Missing character: There is no ， in font nullfont!
Missing character: There is no 这 in font nullfont!
Missing character: There is no 里 in font nullfont!
Missing character: There is no 不 in font nullfont!
Missing character: There is no 再 in font nullfont!
Missing character: There is no 赘 in font nullfont!
Missing character: There is no 述 in font nullfont!
Missing character: There is no 。 in font nullfont!
Missing character: There is no 代 in font [lmroman10-italic]:mapping=tex-text;!
Missing character: There is no 码 in font [lmroman10-italic]:mapping=tex-text;!
Missing character: There is no 见 in font [lmroman10-italic]:mapping=tex-text;!
Missing character: There is no 函 in font [lmroman10-italic]:mapping=tex-text;!
Missing character: There is no 数 in font [lmroman10-italic]:mapping=tex-text;!
Missing character: There is no 和 in font [lmroman10-italic]:mapping=tex-text;!
Missing character: There is no 。 in font [lmroman10-italic]:mapping=tex-text;!

Overfull \hbox (20.0pt too wide) in paragraph at lines 34--36
[]
 []


Overfull \hbox (150.53pt too wide) in paragraph at lines 34--36
\TU/lmr/m/it/10 代码见函数idc_level_shift和image_splicing。 
 []

)
! Emergency stop.
<*> D:/信息论/jpeg2000/report/tiling.tex
                                     
*** (job aborted, no legal \end found)

 
Here is how much of TeX's memory you used:
 23 strings out of 427836
 436 string characters out of 3152480
 62054 words of memory out of 3000000
 4073 multiletter control sequences out of 15000+200000
 3664 words of font info for 17 fonts, out of 3000000 for 9000
 1328 hyphenation exceptions out of 8191
 19i,2n,17p,405b,115s stack positions out of 5000i,500n,10000p,200000b,50000s
No pages of output.
